2022-11-14 11:42:29.403  INFO 12996 --- [restartedMain] ileUploadSpringBootMybatisVueApplication : Starting BoardFileUploadSpringBootMybatisVueApplication using Java 1.8.0_192 on DESKTOP-KVCQHCD with PID 12996 (C:\Users\SSAFY\Desktop\sts_workspace\BoardFileUploadSpringBootMybatisVue\bin\main started by SSAFY in C:\Users\SSAFY\Desktop\sts_workspace\BoardFileUploadSpringBootMybatisVue)
2022-11-14 11:42:29.406  INFO 12996 --- [restartedMain] ileUploadSpringBootMybatisVueApplication : No active profile set, falling back to 1 default profile: "default"
2022-11-14 11:42:29.442  INFO 12996 --- [restartedMain] .e.DevToolsPropertyDefaultsPostProcessor : Devtools property defaults active! Set 'spring.devtools.add-properties' to 'false' to disable
2022-11-14 11:42:29.443  INFO 12996 --- [restartedMain] .e.DevToolsPropertyDefaultsPostProcessor : For additional web related logging consider setting the 'logging.level.web' property to 'DEBUG'
2022-11-14 11:42:30.156  INFO 12996 --- [restartedMain] o.s.b.w.embedded.tomcat.TomcatWebServer  : Tomcat initialized with port(s): 8080 (http)
2022-11-14 11:42:30.161  INFO 12996 --- [restartedMain] o.apache.catalina.core.StandardService   : Starting service [Tomcat]
2022-11-14 11:42:30.162  INFO 12996 --- [restartedMain] org.apache.catalina.core.StandardEngine  : Starting Servlet engine: [Apache Tomcat/9.0.68]
2022-11-14 11:42:30.208  INFO 12996 --- [restartedMain] o.a.c.c.C.[Tomcat].[localhost].[/]       : Initializing Spring embedded WebApplicationContext
2022-11-14 11:42:30.208  INFO 12996 --- [restartedMain] w.s.c.ServletWebServerApplicationContext : Root WebApplicationContext: initialization completed in 765 ms
2022-11-14 11:42:30.692  INFO 12996 --- [restartedMain] o.s.b.d.a.OptionalLiveReloadServer       : LiveReload server is running on port 35729
2022-11-14 11:42:30.705  WARN 12996 --- [restartedMain] ConfigServletWebServerApplicationContext : Exception encountered during context initialization - cancelling refresh attempt: org.springframework.context.ApplicationContextException: Failed to start bean 'webServerStartStop'; nested exception is org.springframework.boot.web.server.PortInUseException: Port 8080 is already in use
2022-11-14 11:42:30.708  INFO 12996 --- [restartedMain] o.apache.catalina.core.StandardService   : Stopping service [Tomcat]
2022-11-14 11:42:30.717  INFO 12996 --- [restartedMain] ConditionEvaluationReportLoggingListener : 

Error starting ApplicationContext. To display the conditions report re-run your application with 'debug' enabled.
2022-11-14 11:42:30.730 ERROR 12996 --- [restartedMain] o.s.b.d.LoggingFailureAnalysisReporter   : 

***************************
APPLICATION FAILED TO START
***************************

Description:

Web server failed to start. Port 8080 was already in use.

Action:

Identify and stop the process that's listening on port 8080 or configure this application to listen on another port.

2022-11-14 11:42:41.563  INFO 10480 --- [restartedMain] ileUploadSpringBootMybatisVueApplication : Starting BoardFileUploadSpringBootMybatisVueApplication using Java 1.8.0_192 on DESKTOP-KVCQHCD with PID 10480 (C:\Users\SSAFY\Desktop\sts_workspace\BoardFileUploadSpringBootMybatisVue\bin\main started by SSAFY in C:\Users\SSAFY\Desktop\sts_workspace\BoardFileUploadSpringBootMybatisVue)
2022-11-14 11:42:41.564  INFO 10480 --- [restartedMain] ileUploadSpringBootMybatisVueApplication : No active profile set, falling back to 1 default profile: "default"
2022-11-14 11:42:41.590  INFO 10480 --- [restartedMain] .e.DevToolsPropertyDefaultsPostProcessor : Devtools property defaults active! Set 'spring.devtools.add-properties' to 'false' to disable
2022-11-14 11:42:41.590  INFO 10480 --- [restartedMain] .e.DevToolsPropertyDefaultsPostProcessor : For additional web related logging consider setting the 'logging.level.web' property to 'DEBUG'
2022-11-14 11:42:42.186  INFO 10480 --- [restartedMain] o.s.b.w.embedded.tomcat.TomcatWebServer  : Tomcat initialized with port(s): 8080 (http)
2022-11-14 11:42:42.191  INFO 10480 --- [restartedMain] o.apache.catalina.core.StandardService   : Starting service [Tomcat]
2022-11-14 11:42:42.191  INFO 10480 --- [restartedMain] org.apache.catalina.core.StandardEngine  : Starting Servlet engine: [Apache Tomcat/9.0.68]
2022-11-14 11:42:42.233  INFO 10480 --- [restartedMain] o.a.c.c.C.[Tomcat].[localhost].[/]       : Initializing Spring embedded WebApplicationContext
2022-11-14 11:42:42.233  INFO 10480 --- [restartedMain] w.s.c.ServletWebServerApplicationContext : Root WebApplicationContext: initialization completed in 642 ms
2022-11-14 11:42:42.676  INFO 10480 --- [restartedMain] o.s.b.d.a.OptionalLiveReloadServer       : LiveReload server is running on port 35729
2022-11-14 11:42:42.696  INFO 10480 --- [restartedMain] o.s.b.w.embedded.tomcat.TomcatWebServer  : Tomcat started on port(s): 8080 (http) with context path ''
2022-11-14 11:42:42.703  INFO 10480 --- [restartedMain] ileUploadSpringBootMybatisVueApplication : Started BoardFileUploadSpringBootMybatisVueApplication in 1.357 seconds (JVM running for 1.811)
2022-11-14 11:42:43.276  INFO 10480 --- [http-nio-8080-exec-1] o.a.c.c.C.[Tomcat].[localhost].[/]       : Initializing Spring DispatcherServlet 'dispatcherServlet'
2022-11-14 11:42:43.276  INFO 10480 --- [http-nio-8080-exec-1] o.s.web.servlet.DispatcherServlet        : Initializing Servlet 'dispatcherServlet'
2022-11-14 11:42:43.277  INFO 10480 --- [http-nio-8080-exec-1] o.s.web.servlet.DispatcherServlet        : Completed initialization in 1 ms
2022-11-14 11:43:44.131  WARN 10480 --- [http-nio-8080-exec-7] .m.m.a.ExceptionHandlerExceptionResolver : Resolved [org.springframework.web.HttpRequestMethodNotSupportedException: Request method 'GET' not supported]
2022-11-14 11:57:23.684  INFO 10480 --- [http-nio-8080-exec-2] com.zaxxer.hikari.HikariDataSource       : HikariPool-1 - Starting...
2022-11-14 11:57:23.845  INFO 10480 --- [http-nio-8080-exec-2] com.zaxxer.hikari.HikariDataSource       : HikariPool-1 - Start completed.
2022-11-14 16:01:39.600  INFO 10480 --- [RMI TCP Connection(2)-127.0.0.1] inMXBeanRegistrar$SpringApplicationAdmin : Application shutdown requested.
2022-11-14 16:01:39.694  INFO 10480 --- [RMI TCP Connection(2)-127.0.0.1] o.apache.catalina.core.StandardService   : Stopping service [Tomcat]
2022-11-14 16:01:39.695  INFO 10480 --- [RMI TCP Connection(2)-127.0.0.1] o.a.c.c.C.[Tomcat].[localhost].[/]       : Destroying Spring FrameworkServlet 'dispatcherServlet'
2022-11-14 16:01:39.698  WARN 10480 --- [RMI TCP Connection(2)-127.0.0.1] o.a.c.loader.WebappClassLoaderBase       : The web application [ROOT] appears to have started a thread named [HikariPool-1 housekeeper] but has failed to stop it. This is very likely to create a memory leak. Stack trace of thread:
 sun.misc.Unsafe.park(Native Method)
 java.util.concurrent.locks.LockSupport.parkNanos(LockSupport.java:215)
 java.util.concurrent.locks.AbstractQueuedSynchronizer$ConditionObject.awaitNanos(AbstractQueuedSynchronizer.java:2078)
 java.util.concurrent.ScheduledThreadPoolExecutor$DelayedWorkQueue.take(ScheduledThreadPoolExecutor.java:1093)
 java.util.concurrent.ScheduledThreadPoolExecutor$DelayedWorkQueue.take(ScheduledThreadPoolExecutor.java:809)
 java.util.concurrent.ThreadPoolExecutor.getTask(ThreadPoolExecutor.java:1074)
 java.util.concurrent.ThreadPoolExecutor.runWorker(ThreadPoolExecutor.java:1134)
 java.util.concurrent.ThreadPoolExecutor$Worker.run(ThreadPoolExecutor.java:624)
 java.lang.Thread.run(Thread.java:748)
2022-11-14 16:01:39.701  INFO 10480 --- [RMI TCP Connection(2)-127.0.0.1] com.zaxxer.hikari.HikariDataSource       : HikariPool-1 - Shutdown initiated...
2022-11-14 16:01:39.708  INFO 10480 --- [RMI TCP Connection(2)-127.0.0.1] com.zaxxer.hikari.HikariDataSource       : HikariPool-1 - Shutdown completed.
2022-11-14 17:09:49.984  INFO 12660 --- [restartedMain] ileUploadSpringBootMybatisVueApplication : Starting BoardFileUploadSpringBootMybatisVueApplication using Java 1.8.0_192 on DESKTOP-KVCQHCD with PID 12660 (C:\Users\SSAFY\Desktop\sts_workspace\BoardFileUploadSpringBootMybatisVue\bin\main started by SSAFY in C:\Users\SSAFY\Desktop\sts_workspace\BoardFileUploadSpringBootMybatisVue)
2022-11-14 17:09:49.985  INFO 12660 --- [restartedMain] ileUploadSpringBootMybatisVueApplication : No active profile set, falling back to 1 default profile: "default"
2022-11-14 17:09:50.009  INFO 12660 --- [restartedMain] .e.DevToolsPropertyDefaultsPostProcessor : Devtools property defaults active! Set 'spring.devtools.add-properties' to 'false' to disable
2022-11-14 17:09:50.010  INFO 12660 --- [restartedMain] .e.DevToolsPropertyDefaultsPostProcessor : For additional web related logging consider setting the 'logging.level.web' property to 'DEBUG'
2022-11-14 17:09:50.677  INFO 12660 --- [restartedMain] o.s.b.w.embedded.tomcat.TomcatWebServer  : Tomcat initialized with port(s): 8080 (http)
2022-11-14 17:09:50.681  INFO 12660 --- [restartedMain] o.apache.catalina.core.StandardService   : Starting service [Tomcat]
2022-11-14 17:09:50.682  INFO 12660 --- [restartedMain] org.apache.catalina.core.StandardEngine  : Starting Servlet engine: [Apache Tomcat/9.0.68]
2022-11-14 17:09:50.723  INFO 12660 --- [restartedMain] o.a.c.c.C.[Tomcat].[localhost].[/]       : Initializing Spring embedded WebApplicationContext
2022-11-14 17:09:50.723  INFO 12660 --- [restartedMain] w.s.c.ServletWebServerApplicationContext : Root WebApplicationContext: initialization completed in 713 ms
2022-11-14 17:09:51.188  INFO 12660 --- [restartedMain] o.s.b.d.a.OptionalLiveReloadServer       : LiveReload server is running on port 35729
2022-11-14 17:09:51.208  INFO 12660 --- [restartedMain] o.s.b.w.embedded.tomcat.TomcatWebServer  : Tomcat started on port(s): 8080 (http) with context path ''
2022-11-14 17:09:51.214  INFO 12660 --- [restartedMain] ileUploadSpringBootMybatisVueApplication : Started BoardFileUploadSpringBootMybatisVueApplication in 1.451 seconds (JVM running for 1.906)
2022-11-14 17:10:00.097  INFO 12660 --- [http-nio-8080-exec-1] o.a.c.c.C.[Tomcat].[localhost].[/]       : Initializing Spring DispatcherServlet 'dispatcherServlet'
2022-11-14 17:10:00.097  INFO 12660 --- [http-nio-8080-exec-1] o.s.web.servlet.DispatcherServlet        : Initializing Servlet 'dispatcherServlet'
2022-11-14 17:10:00.098  INFO 12660 --- [http-nio-8080-exec-1] o.s.web.servlet.DispatcherServlet        : Completed initialization in 1 ms
2022-11-14 17:10:00.150  INFO 12660 --- [http-nio-8080-exec-2] com.zaxxer.hikari.HikariDataSource       : HikariPool-1 - Starting...
2022-11-14 17:10:00.283  INFO 12660 --- [http-nio-8080-exec-2] com.zaxxer.hikari.HikariDataSource       : HikariPool-1 - Start completed.
2022-11-14 17:30:02.729  WARN 12660 --- [http-nio-8080-exec-4] .m.m.a.ExceptionHandlerExceptionResolver : Resolved [java.lang.IllegalStateException: Current request is not of type [org.springframework.web.multipart.MultipartHttpServletRequest]: ServletWebRequest: uri=/boards;client=0:0:0:0:0:0:0:1;session=C67F34586A5349F6A581A0D7C8A11C53]
2022-11-14 17:31:03.606  WARN 12660 --- [http-nio-8080-exec-7] .m.m.a.ExceptionHandlerExceptionResolver : Resolved [java.lang.IllegalStateException: Current request is not of type [org.springframework.web.multipart.MultipartHttpServletRequest]: ServletWebRequest: uri=/boards;client=0:0:0:0:0:0:0:1;session=C67F34586A5349F6A581A0D7C8A11C53]
2022-11-14 17:32:26.314  INFO 12660 --- [RMI TCP Connection(2)-127.0.0.1] inMXBeanRegistrar$SpringApplicationAdmin : Application shutdown requested.
2022-11-14 17:32:26.406  INFO 12660 --- [RMI TCP Connection(2)-127.0.0.1] o.apache.catalina.core.StandardService   : Stopping service [Tomcat]
2022-11-14 17:32:26.407  INFO 12660 --- [RMI TCP Connection(2)-127.0.0.1] o.a.c.c.C.[Tomcat].[localhost].[/]       : Destroying Spring FrameworkServlet 'dispatcherServlet'
2022-11-14 17:32:26.411  WARN 12660 --- [RMI TCP Connection(2)-127.0.0.1] o.a.c.loader.WebappClassLoaderBase       : The web application [ROOT] appears to have started a thread named [HikariPool-1 housekeeper] but has failed to stop it. This is very likely to create a memory leak. Stack trace of thread:
 sun.misc.Unsafe.park(Native Method)
 java.util.concurrent.locks.LockSupport.parkNanos(LockSupport.java:215)
 java.util.concurrent.locks.AbstractQueuedSynchronizer$ConditionObject.awaitNanos(AbstractQueuedSynchronizer.java:2078)
 java.util.concurrent.ScheduledThreadPoolExecutor$DelayedWorkQueue.take(ScheduledThreadPoolExecutor.java:1093)
 java.util.concurrent.ScheduledThreadPoolExecutor$DelayedWorkQueue.take(ScheduledThreadPoolExecutor.java:809)
 java.util.concurrent.ThreadPoolExecutor.getTask(ThreadPoolExecutor.java:1074)
 java.util.concurrent.ThreadPoolExecutor.runWorker(ThreadPoolExecutor.java:1134)
 java.util.concurrent.ThreadPoolExecutor$Worker.run(ThreadPoolExecutor.java:624)
 java.lang.Thread.run(Thread.java:748)
2022-11-14 17:32:26.416  INFO 12660 --- [RMI TCP Connection(2)-127.0.0.1] com.zaxxer.hikari.HikariDataSource       : HikariPool-1 - Shutdown initiated...
2022-11-14 17:32:26.422  INFO 12660 --- [RMI TCP Connection(2)-127.0.0.1] com.zaxxer.hikari.HikariDataSource       : HikariPool-1 - Shutdown completed.
2022-11-14 17:32:31.024  INFO 3472 --- [restartedMain] ileUploadSpringBootMybatisVueApplication : Starting BoardFileUploadSpringBootMybatisVueApplication using Java 1.8.0_192 on DESKTOP-KVCQHCD with PID 3472 (C:\Users\SSAFY\Desktop\sts_workspace\BoardFileUploadSpringBootMybatisVue\bin\main started by SSAFY in C:\Users\SSAFY\Desktop\sts_workspace\BoardFileUploadSpringBootMybatisVue)
2022-11-14 17:32:31.024  INFO 3472 --- [restartedMain] ileUploadSpringBootMybatisVueApplication : No active profile set, falling back to 1 default profile: "default"
2022-11-14 17:32:31.049  INFO 3472 --- [restartedMain] .e.DevToolsPropertyDefaultsPostProcessor : Devtools property defaults active! Set 'spring.devtools.add-properties' to 'false' to disable
2022-11-14 17:32:31.049  INFO 3472 --- [restartedMain] .e.DevToolsPropertyDefaultsPostProcessor : For additional web related logging consider setting the 'logging.level.web' property to 'DEBUG'
2022-11-14 17:32:31.653  INFO 3472 --- [restartedMain] o.s.b.w.embedded.tomcat.TomcatWebServer  : Tomcat initialized with port(s): 8080 (http)
2022-11-14 17:32:31.658  INFO 3472 --- [restartedMain] o.apache.catalina.core.StandardService   : Starting service [Tomcat]
2022-11-14 17:32:31.658  INFO 3472 --- [restartedMain] org.apache.catalina.core.StandardEngine  : Starting Servlet engine: [Apache Tomcat/9.0.68]
2022-11-14 17:32:31.701  INFO 3472 --- [restartedMain] o.a.c.c.C.[Tomcat].[localhost].[/]       : Initializing Spring embedded WebApplicationContext
2022-11-14 17:32:31.701  INFO 3472 --- [restartedMain] w.s.c.ServletWebServerApplicationContext : Root WebApplicationContext: initialization completed in 652 ms
2022-11-14 17:32:32.150  INFO 3472 --- [restartedMain] o.s.b.d.a.OptionalLiveReloadServer       : LiveReload server is running on port 35729
2022-11-14 17:32:32.169  INFO 3472 --- [restartedMain] o.s.b.w.embedded.tomcat.TomcatWebServer  : Tomcat started on port(s): 8080 (http) with context path ''
2022-11-14 17:32:32.176  INFO 3472 --- [restartedMain] ileUploadSpringBootMybatisVueApplication : Started BoardFileUploadSpringBootMybatisVueApplication in 1.368 seconds (JVM running for 1.822)
2022-11-14 17:32:38.585  INFO 3472 --- [http-nio-8080-exec-1] o.a.c.c.C.[Tomcat].[localhost].[/]       : Initializing Spring DispatcherServlet 'dispatcherServlet'
2022-11-14 17:32:38.586  INFO 3472 --- [http-nio-8080-exec-1] o.s.web.servlet.DispatcherServlet        : Initializing Servlet 'dispatcherServlet'
2022-11-14 17:32:38.586  INFO 3472 --- [http-nio-8080-exec-1] o.s.web.servlet.DispatcherServlet        : Completed initialization in 0 ms
2022-11-14 17:33:07.922  INFO 3472 --- [http-nio-8080-exec-3] com.zaxxer.hikari.HikariDataSource       : HikariPool-1 - Starting...
2022-11-14 17:33:08.052  INFO 3472 --- [http-nio-8080-exec-3] com.zaxxer.hikari.HikariDataSource       : HikariPool-1 - Start completed.
2022-11-14 17:33:15.292  WARN 3472 --- [http-nio-8080-exec-5] .m.m.a.ExceptionHandlerExceptionResolver : Resolved [java.lang.IllegalStateException: Current request is not of type [org.springframework.web.multipart.MultipartHttpServletRequest]: ServletWebRequest: uri=/boards;client=0:0:0:0:0:0:0:1;session=C67F34586A5349F6A581A0D7C8A11C53]
2022-11-14 17:56:44.063  INFO 3472 --- [File Watcher] rtingClassPathChangeChangedEventListener : Restarting due to 1 class path change (0 additions, 0 deletions, 1 modification)
2022-11-14 17:56:44.156  INFO 3472 --- [Thread-6] o.apache.catalina.core.StandardService   : Stopping service [Tomcat]
2022-11-14 17:56:44.157  INFO 3472 --- [Thread-6] o.a.c.c.C.[Tomcat].[localhost].[/]       : Destroying Spring FrameworkServlet 'dispatcherServlet'
2022-11-14 17:56:44.161  WARN 3472 --- [Thread-6] o.a.c.loader.WebappClassLoaderBase       : The web application [ROOT] appears to have started a thread named [HikariPool-1 housekeeper] but has failed to stop it. This is very likely to create a memory leak. Stack trace of thread:
 sun.misc.Unsafe.park(Native Method)
 java.util.concurrent.locks.LockSupport.parkNanos(LockSupport.java:215)
 java.util.concurrent.locks.AbstractQueuedSynchronizer$ConditionObject.awaitNanos(AbstractQueuedSynchronizer.java:2078)
 java.util.concurrent.ScheduledThreadPoolExecutor$DelayedWorkQueue.take(ScheduledThreadPoolExecutor.java:1093)
 java.util.concurrent.ScheduledThreadPoolExecutor$DelayedWorkQueue.take(ScheduledThreadPoolExecutor.java:809)
 java.util.concurrent.ThreadPoolExecutor.getTask(ThreadPoolExecutor.java:1074)
 java.util.concurrent.ThreadPoolExecutor.runWorker(ThreadPoolExecutor.java:1134)
 java.util.concurrent.ThreadPoolExecutor$Worker.run(ThreadPoolExecutor.java:624)
 java.lang.Thread.run(Thread.java:748)
2022-11-14 17:56:44.165  INFO 3472 --- [Thread-6] com.zaxxer.hikari.HikariDataSource       : HikariPool-1 - Shutdown initiated...
2022-11-14 17:56:44.173  INFO 3472 --- [Thread-6] com.zaxxer.hikari.HikariDataSource       : HikariPool-1 - Shutdown completed.
2022-11-14 17:56:44.285 ERROR 3472 --- [restartedMain] o.s.boot.SpringApplication               : Application run failed

java.lang.IllegalStateException: Malformed \uxxxx encoding.
	at org.springframework.boot.env.OriginTrackedPropertiesLoader$CharacterReader.readUnicode(OriginTrackedPropertiesLoader.java:277) ~[spring-boot-2.7.5.jar:2.7.5]
	at org.springframework.boot.env.OriginTrackedPropertiesLoader$CharacterReader.readEscaped(OriginTrackedPropertiesLoader.java:259) ~[spring-boot-2.7.5.jar:2.7.5]
	at org.springframework.boot.env.OriginTrackedPropertiesLoader$CharacterReader.read(OriginTrackedPropertiesLoader.java:222) ~[spring-boot-2.7.5.jar:2.7.5]
	at org.springframework.boot.env.OriginTrackedPropertiesLoader.loadValue(OriginTrackedPropertiesLoader.java:159) ~[spring-boot-2.7.5.jar:2.7.5]
	at org.springframework.boot.env.OriginTrackedPropertiesLoader.loadKeyAndValue(OriginTrackedPropertiesLoader.java:127) ~[spring-boot-2.7.5.jar:2.7.5]
	at org.springframework.boot.env.OriginTrackedPropertiesLoader.load(OriginTrackedPropertiesLoader.java:100) ~[spring-boot-2.7.5.jar:2.7.5]
	at org.springframework.boot.env.OriginTrackedPropertiesLoader.load(OriginTrackedPropertiesLoader.java:66) ~[spring-boot-2.7.5.jar:2.7.5]
	at org.springframework.boot.env.PropertiesPropertySourceLoader.loadProperties(PropertiesPropertySourceLoader.java:70) ~[spring-boot-2.7.5.jar:2.7.5]
	at org.springframework.boot.env.PropertiesPropertySourceLoader.load(PropertiesPropertySourceLoader.java:49) ~[spring-boot-2.7.5.jar:2.7.5]
	at org.springframework.boot.context.config.StandardConfigDataLoader.load(StandardConfigDataLoader.java:54) ~[spring-boot-2.7.5.jar:2.7.5]
	at org.springframework.boot.context.config.StandardConfigDataLoader.load(StandardConfigDataLoader.java:36) ~[spring-boot-2.7.5.jar:2.7.5]
	at org.springframework.boot.context.config.ConfigDataLoaders.load(ConfigDataLoaders.java:107) ~[spring-boot-2.7.5.jar:2.7.5]
	at org.springframework.boot.context.config.ConfigDataImporter.load(ConfigDataImporter.java:128) ~[spring-boot-2.7.5.jar:2.7.5]
	at org.springframework.boot.context.config.ConfigDataImporter.resolveAndLoad(ConfigDataImporter.java:86) ~[spring-boot-2.7.5.jar:2.7.5]
	at org.springframework.boot.context.config.ConfigDataEnvironmentContributors.withProcessedImports(ConfigDataEnvironmentContributors.java:116) ~[spring-boot-2.7.5.jar:2.7.5]
	at org.springframework.boot.context.config.ConfigDataEnvironment.processInitial(ConfigDataEnvironment.java:240) ~[spring-boot-2.7.5.jar:2.7.5]
	at org.springframework.boot.context.config.ConfigDataEnvironment.processAndApply(ConfigDataEnvironment.java:227) ~[spring-boot-2.7.5.jar:2.7.5]
	at org.springframework.boot.context.config.ConfigDataEnvironmentPostProcessor.postProcessEnvironment(ConfigDataEnvironmentPostProcessor.java:102) ~[spring-boot-2.7.5.jar:2.7.5]
	at org.springframework.boot.context.config.ConfigDataEnvironmentPostProcessor.postProcessEnvironment(ConfigDataEnvironmentPostProcessor.java:94) ~[spring-boot-2.7.5.jar:2.7.5]
	at org.springframework.boot.env.EnvironmentPostProcessorApplicationListener.onApplicationEnvironmentPreparedEvent(EnvironmentPostProcessorApplicationListener.java:102) ~[spring-boot-2.7.5.jar:2.7.5]
	at org.springframework.boot.env.EnvironmentPostProcessorApplicationListener.onApplicationEvent(EnvironmentPostProcessorApplicationListener.java:87) ~[spring-boot-2.7.5.jar:2.7.5]
	at org.springframework.context.event.SimpleApplicationEventMulticaster.doInvokeListener(SimpleApplicationEventMulticaster.java:176) ~[spring-context-5.3.23.jar:5.3.23]
	at org.springframework.context.event.SimpleApplicationEventMulticaster.invokeListener(SimpleApplicationEventMulticaster.java:169) ~[spring-context-5.3.23.jar:5.3.23]
	at org.springframework.context.event.SimpleApplicationEventMulticaster.multicastEvent(SimpleApplicationEventMulticaster.java:143) ~[spring-context-5.3.23.jar:5.3.23]
	at org.springframework.context.event.SimpleApplicationEventMulticaster.multicastEvent(SimpleApplicationEventMulticaster.java:131) ~[spring-context-5.3.23.jar:5.3.23]
	at org.springframework.boot.context.event.EventPublishingRunListener.environmentPrepared(EventPublishingRunListener.java:85) ~[spring-boot-2.7.5.jar:2.7.5]
	at org.springframework.boot.SpringApplicationRunListeners.lambda$environmentPrepared$2(SpringApplicationRunListeners.java:66) ~[spring-boot-2.7.5.jar:2.7.5]
	at java.util.ArrayList.forEach(ArrayList.java:1257) ~[na:1.8.0_192]
	at org.springframework.boot.SpringApplicationRunListeners.doWithListeners(SpringApplicationRunListeners.java:120) ~[spring-boot-2.7.5.jar:2.7.5]
	at org.springframework.boot.SpringApplicationRunListeners.doWithListeners(SpringApplicationRunListeners.java:114) ~[spring-boot-2.7.5.jar:2.7.5]
	at org.springframework.boot.SpringApplicationRunListeners.environmentPrepared(SpringApplicationRunListeners.java:65) ~[spring-boot-2.7.5.jar:2.7.5]
	at org.springframework.boot.SpringApplication.prepareEnvironment(SpringApplication.java:344) [spring-boot-2.7.5.jar:2.7.5]
	at org.springframework.boot.SpringApplication.run(SpringApplication.java:302) [spring-boot-2.7.5.jar:2.7.5]
	at org.springframework.boot.SpringApplication.run(SpringApplication.java:1306) [spring-boot-2.7.5.jar:2.7.5]
	at org.springframework.boot.SpringApplication.run(SpringApplication.java:1295) [spring-boot-2.7.5.jar:2.7.5]
	at com.mycom.myboard.BoardFileUploadSpringBootMybatisVueApplication.main(BoardFileUploadSpringBootMybatisVueApplication.java:10) [main/:na]
	at sun.reflect.NativeMethodAccessorImpl.invoke0(Native Method) ~[na:1.8.0_192]
	at sun.reflect.NativeMethodAccessorImpl.invoke(NativeMethodAccessorImpl.java:62) ~[na:1.8.0_192]
	at sun.reflect.DelegatingMethodAccessorImpl.invoke(DelegatingMethodAccessorImpl.java:43) ~[na:1.8.0_192]
	at java.lang.reflect.Method.invoke(Method.java:498) ~[na:1.8.0_192]
	at org.springframework.boot.devtools.restart.RestartLauncher.run(RestartLauncher.java:49) [spring-boot-devtools-2.7.5.jar:2.7.5]

2022-11-14 17:57:23.649  INFO 3472 --- [restartedMain] ileUploadSpringBootMybatisVueApplication : Starting BoardFileUploadSpringBootMybatisVueApplication using Java 1.8.0_192 on DESKTOP-KVCQHCD with PID 3472 (C:\Users\SSAFY\Desktop\sts_workspace\BoardFileUploadSpringBootMybatisVue\bin\main started by SSAFY in C:\Users\SSAFY\Desktop\sts_workspace\BoardFileUploadSpringBootMybatisVue)
2022-11-14 17:57:23.649  INFO 3472 --- [restartedMain] ileUploadSpringBootMybatisVueApplication : No active profile set, falling back to 1 default profile: "default"
2022-11-14 17:57:23.812  INFO 3472 --- [restartedMain] o.s.b.w.embedded.tomcat.TomcatWebServer  : Tomcat initialized with port(s): 8080 (http)
2022-11-14 17:57:23.813  INFO 3472 --- [restartedMain] o.apache.catalina.core.StandardService   : Starting service [Tomcat]
2022-11-14 17:57:23.813  INFO 3472 --- [restartedMain] org.apache.catalina.core.StandardEngine  : Starting Servlet engine: [Apache Tomcat/9.0.68]
2022-11-14 17:57:23.821  INFO 3472 --- [restartedMain] o.a.c.c.C.[Tomcat].[localhost].[/]       : Initializing Spring embedded WebApplicationContext
2022-11-14 17:57:23.821  INFO 3472 --- [restartedMain] w.s.c.ServletWebServerApplicationContext : Root WebApplicationContext: initialization completed in 171 ms
2022-11-14 17:57:23.922  INFO 3472 --- [restartedMain] o.s.b.d.a.OptionalLiveReloadServer       : LiveReload server is running on port 35729
2022-11-14 17:57:23.928  INFO 3472 --- [restartedMain] o.s.b.w.embedded.tomcat.TomcatWebServer  : Tomcat started on port(s): 8080 (http) with context path ''
2022-11-14 17:57:23.931  INFO 3472 --- [restartedMain] ileUploadSpringBootMybatisVueApplication : Started BoardFileUploadSpringBootMybatisVueApplication in 0.304 seconds (JVM running for 1493.609)
2022-11-14 17:57:23.932  INFO 3472 --- [restartedMain] .ConditionEvaluationDeltaLoggingListener : Condition evaluation unchanged
2022-11-14 17:57:26.385  INFO 3472 --- [http-nio-8080-exec-1] o.a.c.c.C.[Tomcat].[localhost].[/]       : Initializing Spring DispatcherServlet 'dispatcherServlet'
2022-11-14 17:57:26.386  INFO 3472 --- [http-nio-8080-exec-1] o.s.web.servlet.DispatcherServlet        : Initializing Servlet 'dispatcherServlet'
2022-11-14 17:57:26.387  INFO 3472 --- [http-nio-8080-exec-1] o.s.web.servlet.DispatcherServlet        : Completed initialization in 1 ms
2022-11-14 17:58:39.018  INFO 3472 --- [http-nio-8080-exec-6] com.zaxxer.hikari.HikariDataSource       : HikariPool-2 - Starting...
2022-11-14 17:58:39.031  INFO 3472 --- [http-nio-8080-exec-6] com.zaxxer.hikari.HikariDataSource       : HikariPool-2 - Start completed.
